[[34m2026-04-10T16:12:13.126+0300[0m] {[34mtask_context_logger.py:[0m63} INFO[0m - Task context logging is enabled[0m
[[34m2026-04-10T16:12:13.127+0300[0m] {[34mexecutor_loader.py:[0m235} INFO[0m - Loaded executor: LocalExecutor[0m
[[34m2026-04-10T16:12:18.293+0300[0m] {[34mscheduler_job_runner.py:[0m799} INFO[0m - Starting the scheduler[0m
[[34m2026-04-10T16:12:18.294+0300[0m] {[34mscheduler_job_runner.py:[0m806} INFO[0m - Processing each file at most -1 times[0m
[[34m2026-04-10T16:12:18.442+0300[0m] {[34mmanager.py:[0m170} INFO[0m - Launched DagFileProcessorManager with pid: 76291[0m
[[34m2026-04-10T16:12:18.443+0300[0m] {[34mscheduler_job_runner.py:[0m1598} INFO[0m - Adopting or resetting orphaned tasks for active dag runs[0m
[[34m2026-04-10T16:12:18.446+0300[0m] {[34msettings.py:[0m60} INFO[0m - Configured default timezone UTC[0m
[[34m2026-04-10T16:12:18.483+0300[0m] {[34mscheduler_job_runner.py:[0m1621} INFO[0m - Marked 1 SchedulerJob instances as failed[0m
[[34m2026-04-10T16:12:18.703+0300[0m] {[34mscheduler_job_runner.py:[0m417} INFO[0m - 2 tasks up for execution:
	<TaskInstance: books_pipeline.scrape_books manual__2026-04-10T13:08:27.637902+00:00 [scheduled]>
	<TaskInstance: books_pipeline.run_dbt manual__2026-04-10T13:08:27.637902+00:00 [scheduled]>[0m
[[34m2026-04-10T16:12:18.703+0300[0m] {[34mscheduler_job_runner.py:[0m480} INFO[0m - DAG books_pipeline has 0/16 running and queued tasks[0m
[[34m2026-04-10T16:12:18.704+0300[0m] {[34mscheduler_job_runner.py:[0m480} INFO[0m - DAG books_pipeline has 1/16 running and queued tasks[0m
[[34m2026-04-10T16:12:18.704+0300[0m] {[34mscheduler_job_runner.py:[0m596} INFO[0m - Setting the following tasks to queued state:
	<TaskInstance: books_pipeline.scrape_books manual__2026-04-10T13:08:27.637902+00:00 [scheduled]>
	<TaskInstance: books_pipeline.run_dbt manual__2026-04-10T13:08:27.637902+00:00 [scheduled]>[0m
[[34m2026-04-10T16:12:18.706+0300[0m] {[34mscheduler_job_runner.py:[0m639} INFO[0m - Sending TaskInstanceKey(dag_id='books_pipeline', task_id='scrape_books', run_id='manual__2026-04-10T13:08:27.637902+00:00', try_number=1, map_index=-1) to executor with priority 2 and queue default[0m
[[34m2026-04-10T16:12:18.706+0300[0m] {[34mbase_executor.py:[0m149} INFO[0m - Adding to queue: ['airflow', 'tasks', 'run', 'books_pipeline', 'scrape_books', 'manual__2026-04-10T13:08:27.637902+00:00', '--local', '--subdir', 'DAGS_FOLDER/books_pipeline.py'][0m
[[34m2026-04-10T16:12:18.707+0300[0m] {[34mscheduler_job_runner.py:[0m639} INFO[0m - Sending TaskInstanceKey(dag_id='books_pipeline', task_id='run_dbt', run_id='manual__2026-04-10T13:08:27.637902+00:00', try_number=1, map_index=-1) to executor with priority 1 and queue default[0m
[[34m2026-04-10T16:12:18.707+0300[0m] {[34mbase_executor.py:[0m149} INFO[0m - Adding to queue: ['airflow', 'tasks', 'run', 'books_pipeline', 'run_dbt', 'manual__2026-04-10T13:08:27.637902+00:00', '--local', '--subdir', 'DAGS_FOLDER/books_pipeline.py'][0m
[[34m2026-04-10T16:12:18.737+0300[0m] {[34mlocal_executor.py:[0m90} INFO[0m - QueuedLocalWorker running ['airflow', 'tasks', 'run', 'books_pipeline', 'scrape_books', 'manual__2026-04-10T13:08:27.637902+00:00', '--local', '--subdir', 'DAGS_FOLDER/books_pipeline.py'][0m
[[34m2026-04-10T16:12:18.737+0300[0m] {[34mlocal_executor.py:[0m90} INFO[0m - QueuedLocalWorker running ['airflow', 'tasks', 'run', 'books_pipeline', 'run_dbt', 'manual__2026-04-10T13:08:27.637902+00:00', '--local', '--subdir', 'DAGS_FOLDER/books_pipeline.py'][0m
[[34m2026-04-10T16:12:18.841+0300[0m] {[34mdagbag.py:[0m545} INFO[0m - Filling up the DagBag from /home/leakono/Engineer/book-pipeline/airflow/dags/books_pipeline.py[0m
[[34m2026-04-10T16:12:18.841+0300[0m] {[34mdagbag.py:[0m545} INFO[0m - Filling up the DagBag from /home/leakono/Engineer/book-pipeline/airflow/dags/books_pipeline.py[0m
[[34m2026-04-10T16:12:18.982+0300[0m] {[34mexample_local_kubernetes_executor.py:[0m40} WARNING[0m - Could not import DAGs in example_local_kubernetes_executor.py[0m
Traceback (most recent call last):
  File "/home/leakono/Engineer/book-pipeline/airflow-venv/lib/python3.12/site-packages/airflow/example_dags/example_local_kubernetes_executor.py", line 38, in <module>
    from kubernetes.client import models as k8s
ModuleNotFoundError: No module named 'kubernetes'[0m
[[34m2026-04-10T16:12:18.983+0300[0m] {[34mexample_local_kubernetes_executor.py:[0m41} WARNING[0m - Install Kubernetes dependencies with: pip install apache-airflow[cncf.kubernetes][0m
[[34m2026-04-10T16:12:18.995+0300[0m] {[34mexample_kubernetes_executor.py:[0m39} WARNING[0m - The example_kubernetes_executor example DAG requires the kubernetes provider. Please install it with: pip install apache-airflow[cncf.kubernetes][0m
[[34m2026-04-10T16:12:18.995+0300[0m] {[34mexample_local_kubernetes_executor.py:[0m40} WARNING[0m - Could not import DAGs in example_local_kubernetes_executor.py[0m
Traceback (most recent call last):
  File "/home/leakono/Engineer/book-pipeline/airflow-venv/lib/python3.12/site-packages/airflow/example_dags/example_local_kubernetes_executor.py", line 38, in <module>
    from kubernetes.client import models as k8s
ModuleNotFoundError: No module named 'kubernetes'[0m
[[34m2026-04-10T16:12:18.996+0300[0m] {[34mexample_local_kubernetes_executor.py:[0m41} WARNING[0m - Install Kubernetes dependencies with: pip install apache-airflow[cncf.kubernetes][0m
[[34m2026-04-10T16:12:19.016+0300[0m] {[34mexample_kubernetes_executor.py:[0m39} WARNING[0m - The example_kubernetes_executor example DAG requires the kubernetes provider. Please install it with: pip install apache-airflow[cncf.kubernetes][0m
[[34m2026-04-10T16:12:19.101+0300[0m] {[34mtutorial_taskflow_api_virtualenv.py:[0m29} WARNING[0m - The tutorial_taskflow_api_virtualenv example DAG requires virtualenv, please install it.[0m
[[34m2026-04-10T16:12:19.123+0300[0m] {[34mtutorial_taskflow_api_virtualenv.py:[0m29} WARNING[0m - The tutorial_taskflow_api_virtualenv example DAG requires virtualenv, please install it.[0m
[[34m2026-04-10T16:12:19.133+0300[0m] {[34mexample_python_operator.py:[0m93} WARNING[0m - The virtalenv_python example task requires virtualenv, please install it.[0m
[[34m2026-04-10T16:12:19.151+0300[0m] {[34mexample_python_operator.py:[0m93} WARNING[0m - The virtalenv_python example task requires virtualenv, please install it.[0m
[[34m2026-04-10T16:12:19.170+0300[0m] {[34mexample_python_decorator.py:[0m80} WARNING[0m - The virtalenv_python example task requires virtualenv, please install it.[0m
[[34m2026-04-10T16:12:19.187+0300[0m] {[34mworkday.py:[0m41} WARNING[0m - Could not import pandas. Holidays will not be considered.[0m
[[34m2026-04-10T16:12:19.190+0300[0m] {[34mexample_python_decorator.py:[0m80} WARNING[0m - The virtalenv_python example task requires virtualenv, please install it.[0m
[[34m2026-04-10T16:12:19.204+0300[0m] {[34mworkday.py:[0m41} WARNING[0m - Could not import pandas. Holidays will not be considered.[0m
[[34m2026-04-10T16:12:19.229+0300[0m] {[34mtask_command.py:[0m426} INFO[0m - Running <TaskInstance: books_pipeline.scrape_books manual__2026-04-10T13:08:27.637902+00:00 [queued]> on host leakono-emmanuel[0m
[[34m2026-04-10T16:12:19.244+0300[0m] {[34mtask_command.py:[0m426} INFO[0m - Running <TaskInstance: books_pipeline.run_dbt manual__2026-04-10T13:08:27.637902+00:00 [queued]> on host leakono-emmanuel[0m
[[34m2026-04-10T16:12:28.638+0300[0m] {[34mscheduler_job_runner.py:[0m689} INFO[0m - Received executor event with state success for task instance TaskInstanceKey(dag_id='books_pipeline', task_id='run_dbt', run_id='manual__2026-04-10T13:08:27.637902+00:00', try_number=1, map_index=-1)[0m
[[34m2026-04-10T16:12:28.650+0300[0m] {[34mscheduler_job_runner.py:[0m721} INFO[0m - TaskInstance Finished: dag_id=books_pipeline, task_id=run_dbt, run_id=manual__2026-04-10T13:08:27.637902+00:00, map_index=-1, run_start_date=2026-04-10 13:12:19.588441+00:00, run_end_date=2026-04-10 13:12:28.187506+00:00, run_duration=8.599065, state=up_for_retry, executor_state=success, try_number=1, max_tries=1, job_id=84, pool=default_pool, queue=default, priority_weight=1, operator=BashOperator, queued_dttm=2026-04-10 13:12:18.704792+00:00, queued_by_job_id=82, pid=76397[0m
[[34m2026-04-10T16:13:08.943+0300[0m] {[34mscheduler_job_runner.py:[0m417} INFO[0m - 2 tasks up for execution:
	<TaskInstance: books_pipeline.scrape_books manual__2026-04-10T13:13:08.772182+00:00 [scheduled]>
	<TaskInstance: books_pipeline.run_dbt manual__2026-04-10T13:13:08.772182+00:00 [scheduled]>[0m
[[34m2026-04-10T16:13:08.944+0300[0m] {[34mscheduler_job_runner.py:[0m480} INFO[0m - DAG books_pipeline has 1/16 running and queued tasks[0m
[[34m2026-04-10T16:13:08.944+0300[0m] {[34mscheduler_job_runner.py:[0m480} INFO[0m - DAG books_pipeline has 2/16 running and queued tasks[0m
[[34m2026-04-10T16:13:08.944+0300[0m] {[34mscheduler_job_runner.py:[0m596} INFO[0m - Setting the following tasks to queued state:
	<TaskInstance: books_pipeline.scrape_books manual__2026-04-10T13:13:08.772182+00:00 [scheduled]>
	<TaskInstance: books_pipeline.run_dbt manual__2026-04-10T13:13:08.772182+00:00 [scheduled]>[0m
[[34m2026-04-10T16:13:08.946+0300[0m] {[34mscheduler_job_runner.py:[0m639} INFO[0m - Sending TaskInstanceKey(dag_id='books_pipeline', task_id='scrape_books', run_id='manual__2026-04-10T13:13:08.772182+00:00', try_number=1, map_index=-1) to executor with priority 2 and queue default[0m
[[34m2026-04-10T16:13:08.947+0300[0m] {[34mbase_executor.py:[0m149} INFO[0m - Adding to queue: ['airflow', 'tasks', 'run', 'books_pipeline', 'scrape_books', 'manual__2026-04-10T13:13:08.772182+00:00', '--local', '--subdir', 'DAGS_FOLDER/books_pipeline.py'][0m
[[34m2026-04-10T16:13:08.947+0300[0m] {[34mscheduler_job_runner.py:[0m639} INFO[0m - Sending TaskInstanceKey(dag_id='books_pipeline', task_id='run_dbt', run_id='manual__2026-04-10T13:13:08.772182+00:00', try_number=1, map_index=-1) to executor with priority 1 and queue default[0m
[[34m2026-04-10T16:13:08.947+0300[0m] {[34mbase_executor.py:[0m149} INFO[0m - Adding to queue: ['airflow', 'tasks', 'run', 'books_pipeline', 'run_dbt', 'manual__2026-04-10T13:13:08.772182+00:00', '--local', '--subdir', 'DAGS_FOLDER/books_pipeline.py'][0m
[[34m2026-04-10T16:13:08.972+0300[0m] {[34mlocal_executor.py:[0m90} INFO[0m - QueuedLocalWorker running ['airflow', 'tasks', 'run', 'books_pipeline', 'scrape_books', 'manual__2026-04-10T13:13:08.772182+00:00', '--local', '--subdir', 'DAGS_FOLDER/books_pipeline.py'][0m
[[34m2026-04-10T16:13:08.972+0300[0m] {[34mlocal_executor.py:[0m90} INFO[0m - QueuedLocalWorker running ['airflow', 'tasks', 'run', 'books_pipeline', 'run_dbt', 'manual__2026-04-10T13:13:08.772182+00:00', '--local', '--subdir', 'DAGS_FOLDER/books_pipeline.py'][0m
[[34m2026-04-10T16:13:09.239+0300[0m] {[34mdagbag.py:[0m545} INFO[0m - Filling up the DagBag from /home/leakono/Engineer/book-pipeline/airflow/dags/books_pipeline.py[0m
[[34m2026-04-10T16:13:09.239+0300[0m] {[34mdagbag.py:[0m545} INFO[0m - Filling up the DagBag from /home/leakono/Engineer/book-pipeline/airflow/dags/books_pipeline.py[0m
[[34m2026-04-10T16:13:09.425+0300[0m] {[34mexample_local_kubernetes_executor.py:[0m40} WARNING[0m - Could not import DAGs in example_local_kubernetes_executor.py[0m
Traceback (most recent call last):
  File "/home/leakono/Engineer/book-pipeline/airflow-venv/lib/python3.12/site-packages/airflow/example_dags/example_local_kubernetes_executor.py", line 38, in <module>
    from kubernetes.client import models as k8s
ModuleNotFoundError: No module named 'kubernetes'[0m
[[34m2026-04-10T16:13:09.426+0300[0m] {[34mexample_local_kubernetes_executor.py:[0m41} WARNING[0m - Install Kubernetes dependencies with: pip install apache-airflow[cncf.kubernetes][0m
[[34m2026-04-10T16:13:09.428+0300[0m] {[34mexample_local_kubernetes_executor.py:[0m40} WARNING[0m - Could not import DAGs in example_local_kubernetes_executor.py[0m
Traceback (most recent call last):
  File "/home/leakono/Engineer/book-pipeline/airflow-venv/lib/python3.12/site-packages/airflow/example_dags/example_local_kubernetes_executor.py", line 38, in <module>
    from kubernetes.client import models as k8s
ModuleNotFoundError: No module named 'kubernetes'[0m
[[34m2026-04-10T16:13:09.429+0300[0m] {[34mexample_local_kubernetes_executor.py:[0m41} WARNING[0m - Install Kubernetes dependencies with: pip install apache-airflow[cncf.kubernetes][0m
[[34m2026-04-10T16:13:09.441+0300[0m] {[34mexample_kubernetes_executor.py:[0m39} WARNING[0m - The example_kubernetes_executor example DAG requires the kubernetes provider. Please install it with: pip install apache-airflow[cncf.kubernetes][0m
[[34m2026-04-10T16:13:09.444+0300[0m] {[34mexample_kubernetes_executor.py:[0m39} WARNING[0m - The example_kubernetes_executor example DAG requires the kubernetes provider. Please install it with: pip install apache-airflow[cncf.kubernetes][0m
[[34m2026-04-10T16:13:09.557+0300[0m] {[34mtutorial_taskflow_api_virtualenv.py:[0m29} WARNING[0m - The tutorial_taskflow_api_virtualenv example DAG requires virtualenv, please install it.[0m
[[34m2026-04-10T16:13:09.594+0300[0m] {[34mtutorial_taskflow_api_virtualenv.py:[0m29} WARNING[0m - The tutorial_taskflow_api_virtualenv example DAG requires virtualenv, please install it.[0m
[[34m2026-04-10T16:13:09.609+0300[0m] {[34mexample_python_operator.py:[0m93} WARNING[0m - The virtalenv_python example task requires virtualenv, please install it.[0m
[[34m2026-04-10T16:13:09.636+0300[0m] {[34mexample_python_operator.py:[0m93} WARNING[0m - The virtalenv_python example task requires virtualenv, please install it.[0m
[[34m2026-04-10T16:13:09.654+0300[0m] {[34mexample_python_decorator.py:[0m80} WARNING[0m - The virtalenv_python example task requires virtualenv, please install it.[0m
[[34m2026-04-10T16:13:09.681+0300[0m] {[34mworkday.py:[0m41} WARNING[0m - Could not import pandas. Holidays will not be considered.[0m
[[34m2026-04-10T16:13:09.699+0300[0m] {[34mexample_python_decorator.py:[0m80} WARNING[0m - The virtalenv_python example task requires virtualenv, please install it.[0m
[[34m2026-04-10T16:13:09.709+0300[0m] {[34mworkday.py:[0m41} WARNING[0m - Could not import pandas. Holidays will not be considered.[0m
[[34m2026-04-10T16:13:09.717+0300[0m] {[34mtask_command.py:[0m426} INFO[0m - Running <TaskInstance: books_pipeline.run_dbt manual__2026-04-10T13:13:08.772182+00:00 [queued]> on host leakono-emmanuel[0m
[[34m2026-04-10T16:13:09.744+0300[0m] {[34mtask_command.py:[0m426} INFO[0m - Running <TaskInstance: books_pipeline.scrape_books manual__2026-04-10T13:13:08.772182+00:00 [queued]> on host leakono-emmanuel[0m
[[34m2026-04-10T16:13:17.219+0300[0m] {[34mscheduler_job_runner.py:[0m689} INFO[0m - Received executor event with state success for task instance TaskInstanceKey(dag_id='books_pipeline', task_id='run_dbt', run_id='manual__2026-04-10T13:13:08.772182+00:00', try_number=1, map_index=-1)[0m
[[34m2026-04-10T16:13:17.227+0300[0m] {[34mscheduler_job_runner.py:[0m721} INFO[0m - TaskInstance Finished: dag_id=books_pipeline, task_id=run_dbt, run_id=manual__2026-04-10T13:13:08.772182+00:00, map_index=-1, run_start_date=2026-04-10 13:13:10.020908+00:00, run_end_date=2026-04-10 13:13:16.687672+00:00, run_duration=6.666764, state=up_for_retry, executor_state=success, try_number=1, max_tries=1, job_id=85, pool=default_pool, queue=default, priority_weight=1, operator=BashOperator, queued_dttm=2026-04-10 13:13:08.945021+00:00, queued_by_job_id=82, pid=77228[0m
[[34m2026-04-10T16:15:38.187+0300[0m] {[34mscheduler_job_runner.py:[0m417} INFO[0m - 1 tasks up for execution:
	<TaskInstance: books_pipeline.load_to_snowflake manual__2026-04-10T13:08:27.637902+00:00 [scheduled]>[0m
[[34m2026-04-10T16:15:38.187+0300[0m] {[34mscheduler_job_runner.py:[0m480} INFO[0m - DAG books_pipeline has 1/16 running and queued tasks[0m
[[34m2026-04-10T16:15:38.188+0300[0m] {[34mscheduler_job_runner.py:[0m596} INFO[0m - Setting the following tasks to queued state:
	<TaskInstance: books_pipeline.load_to_snowflake manual__2026-04-10T13:08:27.637902+00:00 [scheduled]>[0m
[[34m2026-04-10T16:15:38.192+0300[0m] {[34mscheduler_job_runner.py:[0m639} INFO[0m - Sending TaskInstanceKey(dag_id='books_pipeline', task_id='load_to_snowflake', run_id='manual__2026-04-10T13:08:27.637902+00:00', try_number=1, map_index=-1) to executor with priority 1 and queue default[0m
[[34m2026-04-10T16:15:38.193+0300[0m] {[34mbase_executor.py:[0m149} INFO[0m - Adding to queue: ['airflow', 'tasks', 'run', 'books_pipeline', 'load_to_snowflake', 'manual__2026-04-10T13:08:27.637902+00:00', '--local', '--subdir', 'DAGS_FOLDER/books_pipeline.py'][0m
[[34m2026-04-10T16:15:38.249+0300[0m] {[34mscheduler_job_runner.py:[0m689} INFO[0m - Received executor event with state success for task instance TaskInstanceKey(dag_id='books_pipeline', task_id='scrape_books', run_id='manual__2026-04-10T13:08:27.637902+00:00', try_number=1, map_index=-1)[0m
[[34m2026-04-10T16:15:38.249+0300[0m] {[34mlocal_executor.py:[0m90} INFO[0m - QueuedLocalWorker running ['airflow', 'tasks', 'run', 'books_pipeline', 'load_to_snowflake', 'manual__2026-04-10T13:08:27.637902+00:00', '--local', '--subdir', 'DAGS_FOLDER/books_pipeline.py'][0m
[[34m2026-04-10T16:15:38.256+0300[0m] {[34mscheduler_job_runner.py:[0m721} INFO[0m - TaskInstance Finished: dag_id=books_pipeline, task_id=scrape_books, run_id=manual__2026-04-10T13:08:27.637902+00:00, map_index=-1, run_start_date=2026-04-10 13:12:19.455703+00:00, run_end_date=2026-04-10 13:15:37.322941+00:00, run_duration=197.867238, state=success, executor_state=success, try_number=1, max_tries=1, job_id=83, pool=default_pool, queue=default, priority_weight=2, operator=BashOperator, queued_dttm=2026-04-10 13:12:18.704792+00:00, queued_by_job_id=82, pid=76380[0m
[[34m2026-04-10T16:15:38.386+0300[0m] {[34mdagbag.py:[0m545} INFO[0m - Filling up the DagBag from /home/leakono/Engineer/book-pipeline/airflow/dags/books_pipeline.py[0m
[[34m2026-04-10T16:15:38.489+0300[0m] {[34mexample_local_kubernetes_executor.py:[0m40} WARNING[0m - Could not import DAGs in example_local_kubernetes_executor.py[0m
Traceback (most recent call last):
  File "/home/leakono/Engineer/book-pipeline/airflow-venv/lib/python3.12/site-packages/airflow/example_dags/example_local_kubernetes_executor.py", line 38, in <module>
    from kubernetes.client import models as k8s
ModuleNotFoundError: No module named 'kubernetes'[0m
[[34m2026-04-10T16:15:38.490+0300[0m] {[34mexample_local_kubernetes_executor.py:[0m41} WARNING[0m - Install Kubernetes dependencies with: pip install apache-airflow[cncf.kubernetes][0m
[[34m2026-04-10T16:15:38.501+0300[0m] {[34mexample_kubernetes_executor.py:[0m39} WARNING[0m - The example_kubernetes_executor example DAG requires the kubernetes provider. Please install it with: pip install apache-airflow[cncf.kubernetes][0m
[[34m2026-04-10T16:15:38.566+0300[0m] {[34mtutorial_taskflow_api_virtualenv.py:[0m29} WARNING[0m - The tutorial_taskflow_api_virtualenv example DAG requires virtualenv, please install it.[0m
[[34m2026-04-10T16:15:38.582+0300[0m] {[34mexample_python_operator.py:[0m93} WARNING[0m - The virtalenv_python example task requires virtualenv, please install it.[0m
[[34m2026-04-10T16:15:38.604+0300[0m] {[34mexample_python_decorator.py:[0m80} WARNING[0m - The virtalenv_python example task requires virtualenv, please install it.[0m
[[34m2026-04-10T16:15:38.614+0300[0m] {[34mworkday.py:[0m41} WARNING[0m - Could not import pandas. Holidays will not be considered.[0m
[[34m2026-04-10T16:15:38.645+0300[0m] {[34mtask_command.py:[0m426} INFO[0m - Running <TaskInstance: books_pipeline.load_to_snowflake manual__2026-04-10T13:08:27.637902+00:00 [queued]> on host leakono-emmanuel[0m
[[34m2026-04-10T16:15:42.964+0300[0m] {[34mscheduler_job_runner.py:[0m689} INFO[0m - Received executor event with state success for task instance TaskInstanceKey(dag_id='books_pipeline', task_id='load_to_snowflake', run_id='manual__2026-04-10T13:08:27.637902+00:00', try_number=1, map_index=-1)[0m
[[34m2026-04-10T16:15:42.971+0300[0m] {[34mscheduler_job_runner.py:[0m721} INFO[0m - TaskInstance Finished: dag_id=books_pipeline, task_id=load_to_snowflake, run_id=manual__2026-04-10T13:08:27.637902+00:00, map_index=-1, run_start_date=2026-04-10 13:15:38.848922+00:00, run_end_date=2026-04-10 13:15:42.045984+00:00, run_duration=3.197062, state=success, executor_state=success, try_number=1, max_tries=1, job_id=87, pool=default_pool, queue=default, priority_weight=1, operator=BashOperator, queued_dttm=2026-04-10 13:15:38.189799+00:00, queued_by_job_id=82, pid=79700[0m
[[34m2026-04-10T16:16:27.227+0300[0m] {[34mscheduler_job_runner.py:[0m689} INFO[0m - Received executor event with state success for task instance TaskInstanceKey(dag_id='books_pipeline', task_id='scrape_books', run_id='manual__2026-04-10T13:13:08.772182+00:00', try_number=1, map_index=-1)[0m
[[34m2026-04-10T16:16:27.234+0300[0m] {[34mscheduler_job_runner.py:[0m721} INFO[0m - TaskInstance Finished: dag_id=books_pipeline, task_id=scrape_books, run_id=manual__2026-04-10T13:13:08.772182+00:00, map_index=-1, run_start_date=2026-04-10 13:13:10.025872+00:00, run_end_date=2026-04-10 13:16:26.496338+00:00, run_duration=196.470466, state=success, executor_state=success, try_number=1, max_tries=1, job_id=86, pool=default_pool, queue=default, priority_weight=2, operator=BashOperator, queued_dttm=2026-04-10 13:13:08.945021+00:00, queued_by_job_id=82, pid=77229[0m
[[34m2026-04-10T16:17:18.616+0300[0m] {[34mscheduler_job_runner.py:[0m1598} INFO[0m - Adopting or resetting orphaned tasks for active dag runs[0m
[[34m2026-04-10T16:17:27.375+0300[0m] {[34mscheduler_job_runner.py:[0m417} INFO[0m - 1 tasks up for execution:
	<TaskInstance: books_pipeline_working.scrape_books manual__2026-04-10T13:17:26+00:00 [scheduled]>[0m
[[34m2026-04-10T16:17:27.376+0300[0m] {[34mscheduler_job_runner.py:[0m480} INFO[0m - DAG books_pipeline_working has 0/16 running and queued tasks[0m
[[34m2026-04-10T16:17:27.376+0300[0m] {[34mscheduler_job_runner.py:[0m596} INFO[0m - Setting the following tasks to queued state:
	<TaskInstance: books_pipeline_working.scrape_books manual__2026-04-10T13:17:26+00:00 [scheduled]>[0m
[[34m2026-04-10T16:17:27.378+0300[0m] {[34mscheduler_job_runner.py:[0m639} INFO[0m - Sending TaskInstanceKey(dag_id='books_pipeline_working', task_id='scrape_books', run_id='manual__2026-04-10T13:17:26+00:00', try_number=1, map_index=-1) to executor with priority 2 and queue default[0m
[[34m2026-04-10T16:17:27.378+0300[0m] {[34mbase_executor.py:[0m149} INFO[0m - Adding to queue: ['airflow', 'tasks', 'run', 'books_pipeline_working', 'scrape_books', 'manual__2026-04-10T13:17:26+00:00', '--local', '--subdir', 'DAGS_FOLDER/books_pipeline_working.py'][0m
[[34m2026-04-10T16:17:27.411+0300[0m] {[34mlocal_executor.py:[0m90} INFO[0m - QueuedLocalWorker running ['airflow', 'tasks', 'run', 'books_pipeline_working', 'scrape_books', 'manual__2026-04-10T13:17:26+00:00', '--local', '--subdir', 'DAGS_FOLDER/books_pipeline_working.py'][0m
[[34m2026-04-10T16:17:27.493+0300[0m] {[34mdagbag.py:[0m545} INFO[0m - Filling up the DagBag from /home/leakono/Engineer/book-pipeline/airflow/dags/books_pipeline_working.py[0m
[[34m2026-04-10T16:17:27.592+0300[0m] {[34mexample_local_kubernetes_executor.py:[0m40} WARNING[0m - Could not import DAGs in example_local_kubernetes_executor.py[0m
Traceback (most recent call last):
  File "/home/leakono/Engineer/book-pipeline/airflow-venv/lib/python3.12/site-packages/airflow/example_dags/example_local_kubernetes_executor.py", line 38, in <module>
    from kubernetes.client import models as k8s
ModuleNotFoundError: No module named 'kubernetes'[0m
[[34m2026-04-10T16:17:27.593+0300[0m] {[34mexample_local_kubernetes_executor.py:[0m41} WARNING[0m - Install Kubernetes dependencies with: pip install apache-airflow[cncf.kubernetes][0m
[[34m2026-04-10T16:17:27.603+0300[0m] {[34mexample_kubernetes_executor.py:[0m39} WARNING[0m - The example_kubernetes_executor example DAG requires the kubernetes provider. Please install it with: pip install apache-airflow[cncf.kubernetes][0m
[[34m2026-04-10T16:17:27.660+0300[0m] {[34mtutorial_taskflow_api_virtualenv.py:[0m29} WARNING[0m - The tutorial_taskflow_api_virtualenv example DAG requires virtualenv, please install it.[0m
[[34m2026-04-10T16:17:27.675+0300[0m] {[34mexample_python_operator.py:[0m93} WARNING[0m - The virtalenv_python example task requires virtualenv, please install it.[0m
[[34m2026-04-10T16:17:27.695+0300[0m] {[34mexample_python_decorator.py:[0m80} WARNING[0m - The virtalenv_python example task requires virtualenv, please install it.[0m
[[34m2026-04-10T16:17:27.705+0300[0m] {[34mworkday.py:[0m41} WARNING[0m - Could not import pandas. Holidays will not be considered.[0m
[[34m2026-04-10T16:17:27.735+0300[0m] {[34mtask_command.py:[0m426} INFO[0m - Running <TaskInstance: books_pipeline_working.scrape_books manual__2026-04-10T13:17:26+00:00 [queued]> on host leakono-emmanuel[0m
[[34m2026-04-10T16:20:59.494+0300[0m] {[34mscheduler_job_runner.py:[0m417} INFO[0m - 1 tasks up for execution:
	<TaskInstance: books_pipeline_working.load_to_snowflake manual__2026-04-10T13:17:26+00:00 [scheduled]>[0m
[[34m2026-04-10T16:20:59.494+0300[0m] {[34mscheduler_job_runner.py:[0m480} INFO[0m - DAG books_pipeline_working has 0/16 running and queued tasks[0m
[[34m2026-04-10T16:20:59.495+0300[0m] {[34mscheduler_job_runner.py:[0m596} INFO[0m - Setting the following tasks to queued state:
	<TaskInstance: books_pipeline_working.load_to_snowflake manual__2026-04-10T13:17:26+00:00 [scheduled]>[0m
[[34m2026-04-10T16:20:59.496+0300[0m] {[34mscheduler_job_runner.py:[0m639} INFO[0m - Sending TaskInstanceKey(dag_id='books_pipeline_working', task_id='load_to_snowflake', run_id='manual__2026-04-10T13:17:26+00:00', try_number=1, map_index=-1) to executor with priority 1 and queue default[0m
[[34m2026-04-10T16:20:59.496+0300[0m] {[34mbase_executor.py:[0m149} INFO[0m - Adding to queue: ['airflow', 'tasks', 'run', 'books_pipeline_working', 'load_to_snowflake', 'manual__2026-04-10T13:17:26+00:00', '--local', '--subdir', 'DAGS_FOLDER/books_pipeline_working.py'][0m
[[34m2026-04-10T16:20:59.547+0300[0m] {[34mscheduler_job_runner.py:[0m689} INFO[0m - Received executor event with state success for task instance TaskInstanceKey(dag_id='books_pipeline_working', task_id='scrape_books', run_id='manual__2026-04-10T13:17:26+00:00', try_number=1, map_index=-1)[0m
[[34m2026-04-10T16:20:59.547+0300[0m] {[34mlocal_executor.py:[0m90} INFO[0m - QueuedLocalWorker running ['airflow', 'tasks', 'run', 'books_pipeline_working', 'load_to_snowflake', 'manual__2026-04-10T13:17:26+00:00', '--local', '--subdir', 'DAGS_FOLDER/books_pipeline_working.py'][0m
[[34m2026-04-10T16:20:59.554+0300[0m] {[34mscheduler_job_runner.py:[0m721} INFO[0m - TaskInstance Finished: dag_id=books_pipeline_working, task_id=scrape_books, run_id=manual__2026-04-10T13:17:26+00:00, map_index=-1, run_start_date=2026-04-10 13:17:28.010995+00:00, run_end_date=2026-04-10 13:20:59.047433+00:00, run_duration=211.036438, state=success, executor_state=success, try_number=1, max_tries=1, job_id=88, pool=default_pool, queue=default, priority_weight=2, operator=BashOperator, queued_dttm=2026-04-10 13:17:27.377125+00:00, queued_by_job_id=82, pid=81716[0m
[[34m2026-04-10T16:20:59.652+0300[0m] {[34mdagbag.py:[0m545} INFO[0m - Filling up the DagBag from /home/leakono/Engineer/book-pipeline/airflow/dags/books_pipeline_working.py[0m
[[34m2026-04-10T16:20:59.764+0300[0m] {[34mexample_local_kubernetes_executor.py:[0m40} WARNING[0m - Could not import DAGs in example_local_kubernetes_executor.py[0m
Traceback (most recent call last):
  File "/home/leakono/Engineer/book-pipeline/airflow-venv/lib/python3.12/site-packages/airflow/example_dags/example_local_kubernetes_executor.py", line 38, in <module>
    from kubernetes.client import models as k8s
ModuleNotFoundError: No module named 'kubernetes'[0m
[[34m2026-04-10T16:20:59.765+0300[0m] {[34mexample_local_kubernetes_executor.py:[0m41} WARNING[0m - Install Kubernetes dependencies with: pip install apache-airflow[cncf.kubernetes][0m
[[34m2026-04-10T16:20:59.777+0300[0m] {[34mexample_kubernetes_executor.py:[0m39} WARNING[0m - The example_kubernetes_executor example DAG requires the kubernetes provider. Please install it with: pip install apache-airflow[cncf.kubernetes][0m
[[34m2026-04-10T16:20:59.843+0300[0m] {[34mtutorial_taskflow_api_virtualenv.py:[0m29} WARNING[0m - The tutorial_taskflow_api_virtualenv example DAG requires virtualenv, please install it.[0m
[[34m2026-04-10T16:20:59.864+0300[0m] {[34mexample_python_operator.py:[0m93} WARNING[0m - The virtalenv_python example task requires virtualenv, please install it.[0m
[[34m2026-04-10T16:20:59.886+0300[0m] {[34mexample_python_decorator.py:[0m80} WARNING[0m - The virtalenv_python example task requires virtualenv, please install it.[0m
[[34m2026-04-10T16:20:59.894+0300[0m] {[34mworkday.py:[0m41} WARNING[0m - Could not import pandas. Holidays will not be considered.[0m
[[34m2026-04-10T16:20:59.924+0300[0m] {[34mtask_command.py:[0m426} INFO[0m - Running <TaskInstance: books_pipeline_working.load_to_snowflake manual__2026-04-10T13:17:26+00:00 [queued]> on host leakono-emmanuel[0m
[[34m2026-04-10T16:21:04.727+0300[0m] {[34mdagrun.py:[0m850} INFO[0m - Marking run <DagRun books_pipeline_working @ 2026-04-10 13:17:26+00:00: manual__2026-04-10T13:17:26+00:00, state:running, queued_at: 2026-04-10 13:17:26.450601+00:00. externally triggered: True> successful[0m
[[34m2026-04-10T16:21:04.728+0300[0m] {[34mdagrun.py:[0m901} INFO[0m - DagRun Finished: dag_id=books_pipeline_working, execution_date=2026-04-10 13:17:26+00:00, run_id=manual__2026-04-10T13:17:26+00:00, run_start_date=2026-04-10 13:17:27.235215+00:00, run_end_date=2026-04-10 13:21:04.728210+00:00, run_duration=217.492995, state=success, external_trigger=True, run_type=manual, data_interval_start=2026-04-09 06:00:00+00:00, data_interval_end=2026-04-10 06:00:00+00:00, dag_hash=d11d77f548f0fb20970697d671e00f00[0m
[[34m2026-04-10T16:21:04.953+0300[0m] {[34mscheduler_job_runner.py:[0m689} INFO[0m - Received executor event with state success for task instance TaskInstanceKey(dag_id='books_pipeline_working', task_id='load_to_snowflake', run_id='manual__2026-04-10T13:17:26+00:00', try_number=1, map_index=-1)[0m
[[34m2026-04-10T16:21:04.962+0300[0m] {[34mscheduler_job_runner.py:[0m721} INFO[0m - TaskInstance Finished: dag_id=books_pipeline_working, task_id=load_to_snowflake, run_id=manual__2026-04-10T13:17:26+00:00, map_index=-1, run_start_date=2026-04-10 13:21:00.138893+00:00, run_end_date=2026-04-10 13:21:03.977957+00:00, run_duration=3.839064, state=success, executor_state=success, try_number=1, max_tries=1, job_id=89, pool=default_pool, queue=default, priority_weight=1, operator=BashOperator, queued_dttm=2026-04-10 13:20:59.495413+00:00, queued_by_job_id=82, pid=85011[0m
[[34m2026-04-10T16:22:18.722+0300[0m] {[34mscheduler_job_runner.py:[0m1598} INFO[0m - Adopting or resetting orphaned tasks for active dag runs[0m
[[34m2026-04-10T16:23:32.599+0300[0m] {[34mscheduler_job_runner.py:[0m863} ERROR[0m - Exception when executing SchedulerJob._run_scheduler_loop[0m
Traceback (most recent call last):
  File "/home/leakono/Engineer/book-pipeline/airflow-venv/lib/python3.12/site-packages/sqlalchemy/pool/base.py", line 936, in _checkout
    raise exc.InvalidatePoolError()
sqlalchemy.exc.InvalidatePoolError: ()

During handling of the above exception, another exception occurred:

Traceback (most recent call last):
  File "/home/leakono/Engineer/book-pipeline/airflow-venv/lib/python3.12/site-packages/sqlalchemy/engine/base.py", line 3371, in _wrap_pool_connect
    return fn()
           ^^^^
  File "/home/leakono/Engineer/book-pipeline/airflow-venv/lib/python3.12/site-packages/sqlalchemy/pool/base.py", line 327, in connect
    return _ConnectionFairy._checkout(self)
           ^^^^^^^^^^^^^^^^^^^^^^^^^^^^^^^^
  File "/home/leakono/Engineer/book-pipeline/airflow-venv/lib/python3.12/site-packages/sqlalchemy/pool/base.py", line 970, in _checkout
    with util.safe_reraise():
  File "/home/leakono/Engineer/book-pipeline/airflow-venv/lib/python3.12/site-packages/sqlalchemy/util/langhelpers.py", line 70, in __exit__
    compat.raise_(
  File "/home/leakono/Engineer/book-pipeline/airflow-venv/lib/python3.12/site-packages/sqlalchemy/util/compat.py", line 211, in raise_
    raise exception
  File "/home/leakono/Engineer/book-pipeline/airflow-venv/lib/python3.12/site-packages/sqlalchemy/pool/base.py", line 967, in _checkout
    fairy._connection_record.get_connection()
  File "/home/leakono/Engineer/book-pipeline/airflow-venv/lib/python3.12/site-packages/sqlalchemy/pool/base.py", line 630, in get_connection
    self.__connect()
  File "/home/leakono/Engineer/book-pipeline/airflow-venv/lib/python3.12/site-packages/sqlalchemy/pool/base.py", line 690, in __connect
    with util.safe_reraise():
  File "/home/leakono/Engineer/book-pipeline/airflow-venv/lib/python3.12/site-packages/sqlalchemy/util/langhelpers.py", line 70, in __exit__
    compat.raise_(
  File "/home/leakono/Engineer/book-pipeline/airflow-venv/lib/python3.12/site-packages/sqlalchemy/util/compat.py", line 211, in raise_
    raise exception
  File "/home/leakono/Engineer/book-pipeline/airflow-venv/lib/python3.12/site-packages/sqlalchemy/pool/base.py", line 686, in __connect
    self.dbapi_connection = connection = pool._invoke_creator(self)
                                         ^^^^^^^^^^^^^^^^^^^^^^^^^^
  File "/home/leakono/Engineer/book-pipeline/airflow-venv/lib/python3.12/site-packages/sqlalchemy/engine/create.py", line 574, in connect
    return dialect.connect(*cargs, **cparams)
           ^^^^^^^^^^^^^^^^^^^^^^^^^^^^^^^^^^
  File "/home/leakono/Engineer/book-pipeline/airflow-venv/lib/python3.12/site-packages/sqlalchemy/engine/default.py", line 598, in connect
    return self.dbapi.connect(*cargs, **cparams)
           ^^^^^^^^^^^^^^^^^^^^^^^^^^^^^^^^^^^^^
  File "/home/leakono/Engineer/book-pipeline/airflow-venv/lib/python3.12/site-packages/psycopg2/__init__.py", line 122, in connect
    conn = _connect(dsn, connection_factory=connection_factory, **kwasync)
           ^^^^^^^^^^^^^^^^^^^^^^^^^^^^^^^^^^^^^^^^^^^^^^^^^^^^^^^^^^^^^^^
psycopg2.OperationalError: connection to server at "localhost" (::1), port 5432 failed: FATAL:  the database system is shutting down


The above exception was the direct cause of the following exception:

Traceback (most recent call last):
  File "/home/leakono/Engineer/book-pipeline/airflow-venv/lib/python3.12/site-packages/airflow/jobs/scheduler_job_runner.py", line 846, in _execute
    self._run_scheduler_loop()
  File "/home/leakono/Engineer/book-pipeline/airflow-venv/lib/python3.12/site-packages/airflow/jobs/scheduler_job_runner.py", line 992, in _run_scheduler_loop
    next_event = timers.run(blocking=False)
                 ^^^^^^^^^^^^^^^^^^^^^^^^^^
  File "/usr/lib/python3.12/sched.py", line 151, in run
    action(*argument, **kwargs)
  File "/home/leakono/Engineer/book-pipeline/airflow-venv/lib/python3.12/site-packages/airflow/utils/event_scheduler.py", line 40, in repeat
    action(*args, **kwargs)
  File "/home/leakono/Engineer/book-pipeline/airflow-venv/lib/python3.12/site-packages/airflow/utils/session.py", line 79, in wrapper
    return func(*args, session=session, **kwargs)
           ^^^^^^^^^^^^^^^^^^^^^^^^^^^^^^^^^^^^^^
  File "/home/leakono/Engineer/book-pipeline/airflow-venv/lib/python3.12/site-packages/airflow/jobs/scheduler_job_runner.py", line 1579, in _emit_pool_metrics
    pools = Pool.slots_stats(session=session)
            ^^^^^^^^^^^^^^^^^^^^^^^^^^^^^^^^^
  File "/home/leakono/Engineer/book-pipeline/airflow-venv/lib/python3.12/site-packages/airflow/utils/session.py", line 76, in wrapper
    return func(*args, **kwargs)
           ^^^^^^^^^^^^^^^^^^^^^
  File "/home/leakono/Engineer/book-pipeline/airflow-venv/lib/python3.12/site-packages/airflow/models/pool.py", line 177, in slots_stats
    pool_rows = session.execute(query)
                ^^^^^^^^^^^^^^^^^^^^^^
  File "/home/leakono/Engineer/book-pipeline/airflow-venv/lib/python3.12/site-packages/sqlalchemy/orm/session.py", line 1716, in execute
    conn = self._connection_for_bind(bind)
           ^^^^^^^^^^^^^^^^^^^^^^^^^^^^^^^
  File "/home/leakono/Engineer/book-pipeline/airflow-venv/lib/python3.12/site-packages/sqlalchemy/orm/session.py", line 1555, in _connection_for_bind
    return self._transaction._connection_for_bind(
           ^^^^^^^^^^^^^^^^^^^^^^^^^^^^^^^^^^^^^^^
  File "/home/leakono/Engineer/book-pipeline/airflow-venv/lib/python3.12/site-packages/sqlalchemy/orm/session.py", line 750, in _connection_for_bind
    conn = bind.connect()
           ^^^^^^^^^^^^^^
  File "/home/leakono/Engineer/book-pipeline/airflow-venv/lib/python3.12/site-packages/sqlalchemy/future/engine.py", line 412, in connect
    return super(Engine, self).connect()
           ^^^^^^^^^^^^^^^^^^^^^^^^^^^^^
  File "/home/leakono/Engineer/book-pipeline/airflow-venv/lib/python3.12/site-packages/sqlalchemy/engine/base.py", line 3325, in connect
    return self._connection_cls(self, close_with_result=close_with_result)
           ^^^^^^^^^^^^^^^^^^^^^^^^^^^^^^^^^^^^^^^^^^^^^^^^^^^^^^^^^^^^^^^
  File "/home/leakono/Engineer/book-pipeline/airflow-venv/lib/python3.12/site-packages/sqlalchemy/engine/base.py", line 96, in __init__
    else engine.raw_connection()
         ^^^^^^^^^^^^^^^^^^^^^^^
  File "/home/leakono/Engineer/book-pipeline/airflow-venv/lib/python3.12/site-packages/sqlalchemy/engine/base.py", line 3404, in raw_connection
    return self._wrap_pool_connect(self.pool.connect, _connection)
           ^^^^^^^^^^^^^^^^^^^^^^^^^^^^^^^^^^^^^^^^^^^^^^^^^^^^^^^
  File "/home/leakono/Engineer/book-pipeline/airflow-venv/lib/python3.12/site-packages/sqlalchemy/engine/base.py", line 3374, in _wrap_pool_connect
    Connection._handle_dbapi_exception_noconnection(
  File "/home/leakono/Engineer/book-pipeline/airflow-venv/lib/python3.12/site-packages/sqlalchemy/engine/base.py", line 2208, in _handle_dbapi_exception_noconnection
    util.raise_(
  File "/home/leakono/Engineer/book-pipeline/airflow-venv/lib/python3.12/site-packages/sqlalchemy/util/compat.py", line 211, in raise_
    raise exception
  File "/home/leakono/Engineer/book-pipeline/airflow-venv/lib/python3.12/site-packages/sqlalchemy/engine/base.py", line 3371, in _wrap_pool_connect
    return fn()
           ^^^^
  File "/home/leakono/Engineer/book-pipeline/airflow-venv/lib/python3.12/site-packages/sqlalchemy/pool/base.py", line 327, in connect
    return _ConnectionFairy._checkout(self)
           ^^^^^^^^^^^^^^^^^^^^^^^^^^^^^^^^
  File "/home/leakono/Engineer/book-pipeline/airflow-venv/lib/python3.12/site-packages/sqlalchemy/pool/base.py", line 970, in _checkout
    with util.safe_reraise():
  File "/home/leakono/Engineer/book-pipeline/airflow-venv/lib/python3.12/site-packages/sqlalchemy/util/langhelpers.py", line 70, in __exit__
    compat.raise_(
  File "/home/leakono/Engineer/book-pipeline/airflow-venv/lib/python3.12/site-packages/sqlalchemy/util/compat.py", line 211, in raise_
    raise exception
  File "/home/leakono/Engineer/book-pipeline/airflow-venv/lib/python3.12/site-packages/sqlalchemy/pool/base.py", line 967, in _checkout
    fairy._connection_record.get_connection()
  File "/home/leakono/Engineer/book-pipeline/airflow-venv/lib/python3.12/site-packages/sqlalchemy/pool/base.py", line 630, in get_connection
    self.__connect()
  File "/home/leakono/Engineer/book-pipeline/airflow-venv/lib/python3.12/site-packages/sqlalchemy/pool/base.py", line 690, in __connect
    with util.safe_reraise():
  File "/home/leakono/Engineer/book-pipeline/airflow-venv/lib/python3.12/site-packages/sqlalchemy/util/langhelpers.py", line 70, in __exit__
    compat.raise_(
  File "/home/leakono/Engineer/book-pipeline/airflow-venv/lib/python3.12/site-packages/sqlalchemy/util/compat.py", line 211, in raise_
    raise exception
  File "/home/leakono/Engineer/book-pipeline/airflow-venv/lib/python3.12/site-packages/sqlalchemy/pool/base.py", line 686, in __connect
    self.dbapi_connection = connection = pool._invoke_creator(self)
                                         ^^^^^^^^^^^^^^^^^^^^^^^^^^
  File "/home/leakono/Engineer/book-pipeline/airflow-venv/lib/python3.12/site-packages/sqlalchemy/engine/create.py", line 574, in connect
    return dialect.connect(*cargs, **cparams)
           ^^^^^^^^^^^^^^^^^^^^^^^^^^^^^^^^^^
  File "/home/leakono/Engineer/book-pipeline/airflow-venv/lib/python3.12/site-packages/sqlalchemy/engine/default.py", line 598, in connect
    return self.dbapi.connect(*cargs, **cparams)
           ^^^^^^^^^^^^^^^^^^^^^^^^^^^^^^^^^^^^^
  File "/home/leakono/Engineer/book-pipeline/airflow-venv/lib/python3.12/site-packages/psycopg2/__init__.py", line 122, in connect
    conn = _connect(dsn, connection_factory=connection_factory, **kwasync)
           ^^^^^^^^^^^^^^^^^^^^^^^^^^^^^^^^^^^^^^^^^^^^^^^^^^^^^^^^^^^^^^^
sqlalchemy.exc.OperationalError: (psycopg2.OperationalError) connection to server at "localhost" (::1), port 5432 failed: FATAL:  the database system is shutting down

(Background on this error at: https://sqlalche.me/e/14/e3q8)[0m
[[34m2026-04-10T16:23:35.023+0300[0m] {[34mlocal_executor.py:[0m403} INFO[0m - Shutting down LocalExecutor; waiting for running tasks to finish.  Signal again if you don't want to wait.[0m
[[34m2026-04-10T16:23:35.095+0300[0m] {[34mprocess_utils.py:[0m132} INFO[0m - Sending 15 to group 76291. PIDs of all processes in the group: [][0m
[[34m2026-04-10T16:23:35.095+0300[0m] {[34mprocess_utils.py:[0m87} INFO[0m - Sending the signal 15 to group 76291[0m
[[34m2026-04-10T16:23:35.095+0300[0m] {[34mprocess_utils.py:[0m101} INFO[0m - Sending the signal 15 to process 76291 as process group is missing.[0m
[[34m2026-04-10T16:23:35.096+0300[0m] {[34mscheduler_job_runner.py:[0m875} INFO[0m - Exited execute loop[0m
